Determining if the pthread_create exist failed with the following output:
Change Dir: /media/dangvhb/DATA/dangVHbCode/GameProgC++/Game/Game/TowerDefense/build/CMakeFiles/CMakeTmp

Run Build Command:"/usr/bin/make" "cmTC_27fa5/fast"
/usr/bin/make -f CMakeFiles/cmTC_27fa5.dir/build.make CMakeFiles/cmTC_27fa5.dir/build
make[1]: Entering directory '/media/dangvhb/DATA/dangVHbCode/GameProgC++/Game/Game/TowerDefense/build/CMakeFiles/CMakeTmp'
Building C object CMakeFiles/cmTC_27fa5.dir/CheckSymbolExists.c.o
/usr/bin/cc    -o CMakeFiles/cmTC_27fa5.dir/CheckSymbolExists.c.o   -c /media/dangvhb/DATA/dangVHbCode/GameProgC++/Game/Game/TowerDefense/build/CMakeFiles/CMakeTmp/CheckSymbolExists.c
Linking C executable cmTC_27fa5
/usr/bin/cmake -E cmake_link_script CMakeFiles/cmTC_27fa5.dir/link.txt --verbose=1
/usr/bin/cc      CMakeFiles/cmTC_27fa5.dir/CheckSymbolExists.c.o  -o cmTC_27fa5 
CMakeFiles/cmTC_27fa5.dir/CheckSymbolExists.c.o: In function `main':
CheckSymbolExists.c:(.text+0x1b): undefined reference to `pthread_create'
collect2: error: ld returned 1 exit status
CMakeFiles/cmTC_27fa5.dir/build.make:97: recipe for target 'cmTC_27fa5' failed
make[1]: *** [cmTC_27fa5] Error 1
make[1]: Leaving directory '/media/dangvhb/DATA/dangVHbCode/GameProgC++/Game/Game/TowerDefense/build/CMakeFiles/CMakeTmp'
Makefile:126: recipe for target 'cmTC_27fa5/fast' failed
make: *** [cmTC_27fa5/fast] Error 2

File /media/dangvhb/DATA/dangVHbCode/GameProgC++/Game/Game/TowerDefense/build/CMakeFiles/CMakeTmp/CheckSymbolExists.c:
/* */
#include <pthread.h>

int main(int argc, char** argv)
{
  (void)argv;
#ifndef pthread_create
  return ((int*)(&pthread_create))[argc];
#else
  (void)argc;
  return 0;
#endif
}

Determining if the function pthread_create exists in the pthreads failed with the following output:
Change Dir: /media/dangvhb/DATA/dangVHbCode/GameProgC++/Game/Game/TowerDefense/build/CMakeFiles/CMakeTmp

Run Build Command:"/usr/bin/make" "cmTC_b1cba/fast"
/usr/bin/make -f CMakeFiles/cmTC_b1cba.dir/build.make CMakeFiles/cmTC_b1cba.dir/build
make[1]: Entering directory '/media/dangvhb/DATA/dangVHbCode/GameProgC++/Game/Game/TowerDefense/build/CMakeFiles/CMakeTmp'
Building C object CMakeFiles/cmTC_b1cba.dir/CheckFunctionExists.c.o
/usr/bin/cc   -DCHECK_FUNCTION_EXISTS=pthread_create   -o CMakeFiles/cmTC_b1cba.dir/CheckFunctionExists.c.o   -c /usr/share/cmake-3.10/Modules/CheckFunctionExists.c
Linking C executable cmTC_b1cba
/usr/bin/cmake -E cmake_link_script CMakeFiles/cmTC_b1cba.dir/link.txt --verbose=1
/usr/bin/cc  -DCHECK_FUNCTION_EXISTS=pthread_create    CMakeFiles/cmTC_b1cba.dir/CheckFunctionExists.c.o  -o cmTC_b1cba -lpthreads 
/usr/bin/ld: cannot find -lpthreads
collect2: error: ld returned 1 exit status
CMakeFiles/cmTC_b1cba.dir/build.make:97: recipe for target 'cmTC_b1cba' failed
make[1]: *** [cmTC_b1cba] Error 1
make[1]: Leaving directory '/media/dangvhb/DATA/dangVHbCode/GameProgC++/Game/Game/TowerDefense/build/CMakeFiles/CMakeTmp'
Makefile:126: recipe for target 'cmTC_b1cba/fast' failed
make: *** [cmTC_b1cba/fast] Error 2


