Determining if the pthread_create exist failed with the following output:
Change Dir: /media/dangvhb/DATA/dangVHbCode/GameProgC++/Game/Game/Chapter5/build/CMakeFiles/CMakeTmp

Run Build Command:"/usr/bin/make" "cmTC_ee761/fast"
/usr/bin/make -f CMakeFiles/cmTC_ee761.dir/build.make CMakeFiles/cmTC_ee761.dir/build
make[1]: Entering directory '/media/dangvhb/DATA/dangVHbCode/GameProgC++/Game/Game/Chapter5/build/CMakeFiles/CMakeTmp'
Building C object CMakeFiles/cmTC_ee761.dir/CheckSymbolExists.c.o
/usr/bin/cc    -o CMakeFiles/cmTC_ee761.dir/CheckSymbolExists.c.o   -c /media/dangvhb/DATA/dangVHbCode/GameProgC++/Game/Game/Chapter5/build/CMakeFiles/CMakeTmp/CheckSymbolExists.c
Linking C executable cmTC_ee761
/usr/bin/cmake -E cmake_link_script CMakeFiles/cmTC_ee761.dir/link.txt --verbose=1
/usr/bin/cc      CMakeFiles/cmTC_ee761.dir/CheckSymbolExists.c.o  -o cmTC_ee761 
CMakeFiles/cmTC_ee761.dir/CheckSymbolExists.c.o: In function `main':
CheckSymbolExists.c:(.text+0x1b): undefined reference to `pthread_create'
collect2: error: ld returned 1 exit status
CMakeFiles/cmTC_ee761.dir/build.make:97: recipe for target 'cmTC_ee761' failed
make[1]: *** [cmTC_ee761] Error 1
make[1]: Leaving directory '/media/dangvhb/DATA/dangVHbCode/GameProgC++/Game/Game/Chapter5/build/CMakeFiles/CMakeTmp'
Makefile:126: recipe for target 'cmTC_ee761/fast' failed
make: *** [cmTC_ee761/fast] Error 2

File /media/dangvhb/DATA/dangVHbCode/GameProgC++/Game/Game/Chapter5/build/CMakeFiles/CMakeTmp/CheckSymbolExists.c:
/* */
#include <pthread.h>

int main(int argc, char** argv)
{
  (void)argv;
#ifndef pthread_create
  return ((int*)(&pthread_create))[argc];
#else
  (void)argc;
  return 0;
#endif
}

Determining if the function pthread_create exists in the pthreads failed with the following output:
Change Dir: /media/dangvhb/DATA/dangVHbCode/GameProgC++/Game/Game/Chapter5/build/CMakeFiles/CMakeTmp

Run Build Command:"/usr/bin/make" "cmTC_ce660/fast"
/usr/bin/make -f CMakeFiles/cmTC_ce660.dir/build.make CMakeFiles/cmTC_ce660.dir/build
make[1]: Entering directory '/media/dangvhb/DATA/dangVHbCode/GameProgC++/Game/Game/Chapter5/build/CMakeFiles/CMakeTmp'
Building C object CMakeFiles/cmTC_ce660.dir/CheckFunctionExists.c.o
/usr/bin/cc   -DCHECK_FUNCTION_EXISTS=pthread_create   -o CMakeFiles/cmTC_ce660.dir/CheckFunctionExists.c.o   -c /usr/share/cmake-3.10/Modules/CheckFunctionExists.c
Linking C executable cmTC_ce660
/usr/bin/cmake -E cmake_link_script CMakeFiles/cmTC_ce660.dir/link.txt --verbose=1
/usr/bin/cc  -DCHECK_FUNCTION_EXISTS=pthread_create    CMakeFiles/cmTC_ce660.dir/CheckFunctionExists.c.o  -o cmTC_ce660 -lpthreads 
/usr/bin/ld: cannot find -lpthreads
collect2: error: ld returned 1 exit status
CMakeFiles/cmTC_ce660.dir/build.make:97: recipe for target 'cmTC_ce660' failed
make[1]: *** [cmTC_ce660] Error 1
make[1]: Leaving directory '/media/dangvhb/DATA/dangVHbCode/GameProgC++/Game/Game/Chapter5/build/CMakeFiles/CMakeTmp'
Makefile:126: recipe for target 'cmTC_ce660/fast' failed
make: *** [cmTC_ce660/fast] Error 2


